<?xml version="1.0" encoding="UTF-8"?>
<testng-results ignored="0" total="2" passed="2" failed="0" skipped="0">
  <reporter-output>
  </reporter-output>
  <suite started-at="2024-07-04T05:15:00 EEST" name="Default suite" finished-at="2024-07-04T05:15:10 EEST" duration-ms="9993">
    <groups>
    </groups>
    <test started-at="2024-07-04T05:15:00 EEST" name="Default test" finished-at="2024-07-04T05:15:10 EEST" duration-ms="9993">
      <class name="nopcommerce.tests.RegisterationPageTests">
        <test-method is-config="true" signature="open_browser()[pri:0, instance:nopcommerce.tests.RegisterationPageTests@1ed6388a]" started-at="2024-07-04T05:15:00 EEST" name="open_browser" finished-at="2024-07-04T05:15:05 EEST" duration-ms="4856" status="PASS">
          <reporter-output>
          </reporter-output>
        </test-method> <!-- open_browser -->
        <test-method signature="ab()[pri:0, instance:nopcommerce.tests.RegisterationPageTests@1ed6388a]" started-at="2024-07-04T05:15:05 EEST" name="ab" finished-at="2024-07-04T05:15:08 EEST" duration-ms="2778" status="PASS">
          <reporter-output>
          </reporter-output>
        </test-method> <!-- ab -->
        <test-method signature="ac()[pri:0, instance:nopcommerce.tests.RegisterationPageTests@1ed6388a]" started-at="2024-07-04T05:15:08 EEST" name="ac" finished-at="2024-07-04T05:15:10 EEST" duration-ms="2286" status="PASS">
          <reporter-output>
          </reporter-output>
        </test-method> <!-- ac -->
      </class> <!-- nopcommerce.tests.RegisterationPageTests -->
    </test> <!-- Default test -->
  </suite> <!-- Default suite -->
</testng-results>
